<?xml version='1.0'?>
<!DOCTYPE coverage SYSTEM "http://cobertura.sourceforge.net/xml/coverage-04.dtd">
<!--Generated by simplecov-cobertura version 4.0.0 (https://github.com/jessebs/simplecov-cobertura)-->
<coverage line-rate="0.9148" lines-covered="365" lines-valid="399" complexity="0" version="0" timestamp="1787500846">
  <sources>
    <source>/Users/user/Documents/Workspaces/Web-builder-planning/whelb-backend</source>
  </sources>
  <packages>
    <package name="Controllers" line-rate="0.8791" complexity="0">
      <classes>
        <class name="app/controllers/api/v1/admin_sessions_controller.rb" filename="app/controllers/api/v1/admin_sessions_controller.rb" line-rate="1.0" complexity="0">
          <methods/>
          <lines>
            <line number="3" hits="1"/>
            <line number="4" hits="1"/>
            <line number="6" hits="1"/>
            <line number="7" hits="1"/>
            <line number="11" hits="1"/>
            <line number="12" hits="2"/>
            <line number="13" hits="2"/>
            <line number="15" hits="1"/>
            <line number="16" hits="1"/>
            <line number="18" hits="1"/>
            <line number="19" hits="1"/>
            <line number="28" hits="1"/>
            <line number="29" hits="1"/>
            <line number="33" hits="1"/>
            <line number="34" hits="1"/>
            <line number="36" hits="1"/>
            <line number="39" hits="1"/>
            <line number="41" hits="1"/>
            <line number="43" hits="1"/>
          </lines>
        </class>
        <class name="app/controllers/api/v1/base_controller.rb" filename="app/controllers/api/v1/base_controller.rb" line-rate="1.0" complexity="0">
          <methods/>
          <lines>
            <line number="3" hits="2"/>
            <line number="4" hits="2"/>
            <line number="6" hits="2"/>
            <line number="9" hits="2"/>
            <line number="11" hits="2"/>
            <line number="13" hits="2"/>
            <line number="14" hits="8"/>
            <line number="15" hits="8"/>
            <line number="19" hits="2"/>
            <line number="20" hits="5"/>
            <line number="21" hits="5"/>
            <line number="23" hits="2"/>
            <line number="24" hits="2"/>
            <line number="28" hits="2"/>
            <line number="29" hits="3"/>
            <line number="30" hits="3"/>
            <line number="32" hits="2"/>
            <line number="35" hits="2"/>
            <line number="36" hits="6"/>
            <line number="39" hits="2"/>
            <line number="40" hits="1"/>
          </lines>
        </class>
        <class name="app/controllers/api/v1/sessions_controller.rb" filename="app/controllers/api/v1/sessions_controller.rb" line-rate="1.0" complexity="0">
          <methods/>
          <lines>
            <line number="3" hits="1"/>
            <line number="4" hits="1"/>
            <line number="5" hits="1"/>
            <line number="6" hits="1"/>
            <line number="9" hits="1"/>
            <line number="10" hits="2"/>
            <line number="11" hits="2"/>
            <line number="13" hits="1"/>
            <line number="14" hits="1"/>
            <line number="16" hits="1"/>
            <line number="25" hits="1"/>
            <line number="26" hits="1"/>
            <line number="28" hits="1"/>
          </lines>
        </class>
        <class name="app/controllers/api/v1/users_controller.rb" filename="app/controllers/api/v1/users_controller.rb" line-rate="1.0" complexity="0">
          <methods/>
          <lines>
            <line number="3" hits="1"/>
            <line number="4" hits="1"/>
            <line number="5" hits="1"/>
            <line number="6" hits="1"/>
            <line number="9" hits="1"/>
            <line number="10" hits="2"/>
            <line number="12" hits="2"/>
            <line number="14" hits="1"/>
            <line number="18" hits="1"/>
            <line number="19" hits="1"/>
            <line number="22" hits="1"/>
            <line number="24" hits="1"/>
            <line number="25" hits="2"/>
          </lines>
        </class>
        <class name="app/controllers/graphql_controller.rb" filename="app/controllers/graphql_controller.rb" line-rate="0.56" complexity="0">
          <methods/>
          <lines>
            <line number="3" hits="3"/>
            <line number="7" hits="3"/>
            <line number="9" hits="3"/>
            <line number="10" hits="3"/>
            <line number="11" hits="3"/>
            <line number="12" hits="3"/>
            <line number="13" hits="3"/>
            <line number="17" hits="3"/>
            <line number="18" hits="3"/>
            <line number="20" hits="0"/>
            <line number="21" hits="0"/>
            <line number="24" hits="3"/>
            <line number="27" hits="3"/>
            <line number="28" hits="3"/>
            <line number="30" hits="0"/>
            <line number="31" hits="0"/>
            <line number="33" hits="0"/>
            <line number="36" hits="0"/>
            <line number="38" hits="0"/>
            <line number="40" hits="3"/>
            <line number="42" hits="0"/>
            <line number="46" hits="3"/>
            <line number="47" hits="0"/>
            <line number="48" hits="0"/>
            <line number="50" hits="0"/>
          </lines>
        </class>
      </classes>
    </package>
    <package name="Models" line-rate="0.9216" complexity="0">
      <classes>
        <class name="app/models/admin_session.rb" filename="app/models/admin_session.rb" line-rate="1.0" complexity="0">
          <methods/>
          <lines>
            <line number="33" hits="4"/>
            <line number="35" hits="4"/>
            <line number="37" hits="11"/>
            <line number="40" hits="4"/>
            <line number="41" hits="11"/>
            <line number="44" hits="4"/>
            <line number="45" hits="10"/>
            <line number="48" hits="4"/>
            <line number="49" hits="3"/>
            <line number="52" hits="4"/>
            <line number="53" hits="3"/>
            <line number="56" hits="4"/>
            <line number="57" hits="4"/>
            <line number="60" hits="4"/>
            <line number="61" hits="4"/>
          </lines>
        </class>
        <class name="app/models/admin_user.rb" filename="app/models/admin_user.rb" line-rate="0.6667" complexity="0">
          <methods/>
          <lines>
            <line number="19" hits="8"/>
            <line number="22" hits="8"/>
            <line number="27" hits="8"/>
            <line number="28" hits="0"/>
            <line number="31" hits="8"/>
            <line number="32" hits="0"/>
          </lines>
        </class>
        <class name="app/models/application_record.rb" filename="app/models/application_record.rb" line-rate="1.0" complexity="0">
          <methods/>
          <lines>
            <line number="1" hits="8"/>
            <line number="2" hits="8"/>
            <line number="11" hits="8"/>
          </lines>
        </class>
        <class name="app/models/user.rb" filename="app/models/user.rb" line-rate="1.0" complexity="0">
          <methods/>
          <lines>
            <line number="15" hits="8"/>
            <line number="16" hits="8"/>
            <line number="18" hits="8"/>
            <line number="20" hits="29"/>
            <line number="22" hits="8"/>
          </lines>
        </class>
        <class name="app/models/user_session.rb" filename="app/models/user_session.rb" line-rate="0.9091" complexity="0">
          <methods/>
          <lines>
            <line number="32" hits="6"/>
            <line number="33" hits="6"/>
            <line number="35" hits="13"/>
            <line number="38" hits="6"/>
            <line number="39" hits="11"/>
            <line number="44" hits="6"/>
            <line number="45" hits="25"/>
            <line number="48" hits="6"/>
            <line number="50" hits="12"/>
            <line number="57" hits="12"/>
            <line number="62" hits="6"/>
            <line number="63" hits="13"/>
            <line number="66" hits="6"/>
            <line number="67" hits="3"/>
            <line number="70" hits="6"/>
            <line number="71" hits="0"/>
            <line number="74" hits="6"/>
            <line number="75" hits="0"/>
            <line number="78" hits="6"/>
            <line number="79" hits="3"/>
            <line number="82" hits="6"/>
            <line number="83" hits="3"/>
          </lines>
        </class>
      </classes>
    </package>
    <package name="Helpers" line-rate="1.0" complexity="0">
      <classes>
        <class name="app/helpers/application_helper.rb" filename="app/helpers/application_helper.rb" line-rate="1.0" complexity="0">
          <methods/>
          <lines>
            <line number="1" hits="5"/>
          </lines>
        </class>
      </classes>
    </package>
    <package name="Libraries" line-rate="0.9787" complexity="0">
      <classes>
        <class name="lib/feature_flag.rb" filename="lib/feature_flag.rb" line-rate="0.9744" complexity="0">
          <methods/>
          <lines>
            <line number="29" hits="1"/>
            <line number="30" hits="1"/>
            <line number="35" hits="1"/>
            <line number="36" hits="7"/>
            <line number="41" hits="1"/>
            <line number="42" hits="3"/>
            <line number="43" hits="3"/>
            <line number="45" hits="3"/>
            <line number="46" hits="5"/>
            <line number="49" hits="4"/>
            <line number="50" hits="4"/>
            <line number="53" hits="1"/>
            <line number="54" hits="2"/>
            <line number="57" hits="1"/>
            <line number="58" hits="2"/>
            <line number="63" hits="1"/>
            <line number="64" hits="7"/>
            <line number="67" hits="1"/>
            <line number="68" hits="2"/>
            <line number="71" hits="1"/>
            <line number="72" hits="2"/>
            <line number="77" hits="1"/>
            <line number="78" hits="3"/>
            <line number="81" hits="1"/>
            <line number="82" hits="3"/>
            <line number="85" hits="1"/>
            <line number="86" hits="1"/>
            <line number="90" hits="1"/>
            <line number="91" hits="6"/>
            <line number="96" hits="1"/>
            <line number="97" hits="1"/>
            <line number="100" hits="1"/>
            <line number="101" hits="0"/>
            <line number="106" hits="1"/>
            <line number="107" hits="2"/>
            <line number="115" hits="1"/>
            <line number="116" hits="3"/>
            <line number="117" hits="2"/>
            <line number="119" hits="2"/>
          </lines>
        </class>
        <class name="lib/token_digest.rb" filename="lib/token_digest.rb" line-rate="1.0" complexity="0">
          <methods/>
          <lines>
            <line number="5" hits="8"/>
            <line number="6" hits="8"/>
            <line number="8" hits="8"/>
            <line number="9" hits="10"/>
            <line number="12" hits="8"/>
            <line number="13" hits="22"/>
            <line number="17" hits="8"/>
            <line number="18" hits="22"/>
          </lines>
        </class>
      </classes>
    </package>
    <package name="Components" line-rate="1.0" complexity="0">
      <classes>
        <class name="app/components/admin_sessions/authenticator.rb" filename="app/components/admin_sessions/authenticator.rb" line-rate="1.0" complexity="0">
          <methods/>
          <lines>
            <line number="7" hits="2"/>
            <line number="8" hits="2"/>
            <line number="9" hits="8"/>
            <line number="12" hits="2"/>
            <line number="13" hits="8"/>
            <line number="15" hits="7"/>
            <line number="16" hits="7"/>
            <line number="18" hits="3"/>
            <line number="20" hits="3"/>
          </lines>
        </class>
        <class name="app/components/admin_sessions/creator.rb" filename="app/components/admin_sessions/creator.rb" line-rate="1.0" complexity="0">
          <methods/>
          <lines>
            <line number="8" hits="4"/>
            <line number="9" hits="4"/>
            <line number="10" hits="9"/>
            <line number="11" hits="9"/>
            <line number="12" hits="9"/>
            <line number="13" hits="9"/>
            <line number="16" hits="4"/>
            <line number="17" hits="9"/>
            <line number="19" hits="9"/>
            <line number="30" hits="9"/>
            <line number="32" hits="9"/>
          </lines>
        </class>
        <class name="app/components/admin_sessions/issued.rb" filename="app/components/admin_sessions/issued.rb" line-rate="1.0" complexity="0">
          <methods/>
          <lines>
            <line number="5" hits="4"/>
            <line number="6" hits="4"/>
          </lines>
        </class>
        <class name="app/components/admin_sessions/revoker.rb" filename="app/components/admin_sessions/revoker.rb" line-rate="1.0" complexity="0">
          <methods/>
          <lines>
            <line number="6" hits="3"/>
            <line number="7" hits="3"/>
            <line number="8" hits="6"/>
            <line number="11" hits="3"/>
            <line number="12" hits="6"/>
            <line number="14" hits="4"/>
            <line number="16" hits="4"/>
          </lines>
        </class>
        <class name="app/components/admin_users/creator.rb" filename="app/components/admin_users/creator.rb" line-rate="1.0" complexity="0">
          <methods/>
          <lines>
            <line number="9" hits="2"/>
            <line number="10" hits="2"/>
            <line number="11" hits="3"/>
            <line number="14" hits="2"/>
            <line number="15" hits="3"/>
            <line number="17" hits="3"/>
            <line number="19" hits="1"/>
          </lines>
        </class>
        <class name="app/components/admin_users/deleter.rb" filename="app/components/admin_users/deleter.rb" line-rate="1.0" complexity="0">
          <methods/>
          <lines>
            <line number="7" hits="2"/>
            <line number="8" hits="2"/>
            <line number="9" hits="2"/>
            <line number="12" hits="2"/>
            <line number="13" hits="2"/>
            <line number="15" hits="1"/>
            <line number="17" hits="1"/>
          </lines>
        </class>
        <class name="app/components/admin_users/updater.rb" filename="app/components/admin_users/updater.rb" line-rate="1.0" complexity="0">
          <methods/>
          <lines>
            <line number="8" hits="2"/>
            <line number="9" hits="2"/>
            <line number="10" hits="2"/>
            <line number="11" hits="2"/>
            <line number="14" hits="2"/>
            <line number="15" hits="2"/>
            <line number="17" hits="1"/>
          </lines>
        </class>
        <class name="app/components/application_component.rb" filename="app/components/application_component.rb" line-rate="1.0" complexity="0">
          <methods/>
          <lines>
            <line number="20" hits="1"/>
            <line number="22" hits="1"/>
            <line number="23" hits="68"/>
            <line number="27" hits="1"/>
            <line number="28" hits="1"/>
            <line number="31" hits="1"/>
            <line number="33" hits="1"/>
            <line number="34" hits="42"/>
            <line number="37" hits="1"/>
            <line number="38" hits="25"/>
          </lines>
        </class>
        <class name="app/components/application_component/result.rb" filename="app/components/application_component/result.rb" line-rate="1.0" complexity="0">
          <methods/>
          <lines>
            <line number="3" hits="8"/>
            <line number="13" hits="8"/>
            <line number="14" hits="8"/>
            <line number="16" hits="8"/>
            <line number="17" hits="43"/>
            <line number="20" hits="8"/>
            <line number="21" hits="28"/>
            <line number="24" hits="8"/>
            <line number="25" hits="71"/>
            <line number="26" hits="71"/>
            <line number="27" hits="71"/>
            <line number="30" hits="8"/>
            <line number="31" hits="16"/>
            <line number="34" hits="8"/>
            <line number="35" hits="34"/>
            <line number="39" hits="8"/>
            <line number="40" hits="11"/>
            <line number="43" hits="8"/>
            <line number="45" hits="8"/>
            <line number="46" hits="71"/>
            <line number="48" hits="65"/>
          </lines>
        </class>
        <class name="app/components/feature_flags/toggler.rb" filename="app/components/feature_flags/toggler.rb" line-rate="1.0" complexity="0">
          <methods/>
          <lines>
            <line number="8" hits="1"/>
            <line number="9" hits="1"/>
            <line number="10" hits="3"/>
            <line number="13" hits="1"/>
            <line number="14" hits="3"/>
            <line number="15" hits="3"/>
            <line number="17" hits="2"/>
            <line number="19" hits="2"/>
          </lines>
        </class>
        <class name="app/components/user_sessions/authenticator.rb" filename="app/components/user_sessions/authenticator.rb" line-rate="1.0" complexity="0">
          <methods/>
          <lines>
            <line number="9" hits="2"/>
            <line number="10" hits="2"/>
            <line number="11" hits="11"/>
            <line number="14" hits="2"/>
            <line number="15" hits="11"/>
            <line number="17" hits="9"/>
            <line number="18" hits="7"/>
            <line number="19" hits="7"/>
            <line number="21" hits="3"/>
            <line number="23" hits="3"/>
            <line number="26" hits="2"/>
          </lines>
        </class>
        <class name="app/components/user_sessions/creator.rb" filename="app/components/user_sessions/creator.rb" line-rate="1.0" complexity="0">
          <methods/>
          <lines>
            <line number="9" hits="5"/>
            <line number="10" hits="5"/>
            <line number="11" hits="10"/>
            <line number="12" hits="10"/>
            <line number="13" hits="10"/>
            <line number="14" hits="10"/>
            <line number="17" hits="5"/>
            <line number="18" hits="10"/>
            <line number="29" hits="10"/>
            <line number="31" hits="10"/>
          </lines>
        </class>
        <class name="app/components/user_sessions/issued.rb" filename="app/components/user_sessions/issued.rb" line-rate="1.0" complexity="0">
          <methods/>
          <lines>
            <line number="5" hits="5"/>
            <line number="6" hits="5"/>
          </lines>
        </class>
        <class name="app/components/user_sessions/revoker.rb" filename="app/components/user_sessions/revoker.rb" line-rate="1.0" complexity="0">
          <methods/>
          <lines>
            <line number="7" hits="2"/>
            <line number="8" hits="2"/>
            <line number="9" hits="3"/>
            <line number="12" hits="2"/>
            <line number="13" hits="3"/>
            <line number="15" hits="3"/>
            <line number="17" hits="3"/>
          </lines>
        </class>
        <class name="app/components/users/authenticator.rb" filename="app/components/users/authenticator.rb" line-rate="1.0" complexity="0">
          <methods/>
          <lines>
            <line number="7" hits="3"/>
            <line number="8" hits="3"/>
            <line number="9" hits="5"/>
            <line number="10" hits="5"/>
            <line number="13" hits="3"/>
            <line number="14" hits="5"/>
            <line number="15" hits="5"/>
            <line number="17" hits="2"/>
          </lines>
        </class>
        <class name="app/components/users/creator.rb" filename="app/components/users/creator.rb" line-rate="1.0" complexity="0">
          <methods/>
          <lines>
            <line number="7" hits="3"/>
            <line number="8" hits="3"/>
            <line number="9" hits="4"/>
            <line number="12" hits="3"/>
            <line number="13" hits="4"/>
            <line number="15" hits="4"/>
            <line number="17" hits="2"/>
          </lines>
        </class>
      </classes>
    </package>
    <package name="GraphQL" line-rate="0.76" complexity="0">
      <classes>
        <class name="app/graphql/kickstart_schema.rb" filename="app/graphql/kickstart_schema.rb" line-rate="0.7333" complexity="0">
          <methods/>
          <lines>
            <line number="3" hits="3"/>
            <line number="4" hits="3"/>
            <line number="5" hits="3"/>
            <line number="8" hits="3"/>
            <line number="11" hits="3"/>
            <line number="16" hits="0"/>
            <line number="20" hits="3"/>
            <line number="23" hits="0"/>
            <line number="27" hits="3"/>
            <line number="28" hits="3"/>
            <line number="31" hits="3"/>
            <line number="36" hits="3"/>
            <line number="38" hits="0"/>
            <line number="42" hits="3"/>
            <line number="44" hits="0"/>
          </lines>
        </class>
        <class name="app/graphql/types/base_argument.rb" filename="app/graphql/types/base_argument.rb" line-rate="1.0" complexity="0">
          <methods/>
          <lines>
            <line number="3" hits="3"/>
            <line number="4" hits="3"/>
          </lines>
        </class>
        <class name="app/graphql/types/base_connection.rb" filename="app/graphql/types/base_connection.rb" line-rate="1.0" complexity="0">
          <methods/>
          <lines>
            <line number="3" hits="3"/>
            <line number="4" hits="3"/>
            <line number="6" hits="3"/>
          </lines>
        </class>
        <class name="app/graphql/types/base_edge.rb" filename="app/graphql/types/base_edge.rb" line-rate="1.0" complexity="0">
          <methods/>
          <lines>
            <line number="3" hits="3"/>
            <line number="4" hits="3"/>
            <line number="6" hits="3"/>
          </lines>
        </class>
        <class name="app/graphql/types/base_enum.rb" filename="app/graphql/types/base_enum.rb" line-rate="0.0" complexity="0">
          <methods/>
          <lines>
            <line number="3" hits="0"/>
            <line number="4" hits="0"/>
          </lines>
        </class>
        <class name="app/graphql/types/base_field.rb" filename="app/graphql/types/base_field.rb" line-rate="1.0" complexity="0">
          <methods/>
          <lines>
            <line number="3" hits="3"/>
            <line number="4" hits="3"/>
            <line number="5" hits="3"/>
          </lines>
        </class>
        <class name="app/graphql/types/base_input_object.rb" filename="app/graphql/types/base_input_object.rb" line-rate="0.0" complexity="0">
          <methods/>
          <lines>
            <line number="3" hits="0"/>
            <line number="4" hits="0"/>
            <line number="5" hits="0"/>
          </lines>
        </class>
        <class name="app/graphql/types/base_interface.rb" filename="app/graphql/types/base_interface.rb" line-rate="1.0" complexity="0">
          <methods/>
          <lines>
            <line number="3" hits="3"/>
            <line number="4" hits="3"/>
            <line number="5" hits="3"/>
            <line number="6" hits="3"/>
            <line number="7" hits="3"/>
            <line number="9" hits="3"/>
          </lines>
        </class>
        <class name="app/graphql/types/base_object.rb" filename="app/graphql/types/base_object.rb" line-rate="1.0" complexity="0">
          <methods/>
          <lines>
            <line number="3" hits="3"/>
            <line number="4" hits="3"/>
            <line number="5" hits="3"/>
            <line number="6" hits="3"/>
            <line number="7" hits="3"/>
          </lines>
        </class>
        <class name="app/graphql/types/base_scalar.rb" filename="app/graphql/types/base_scalar.rb" line-rate="0.0" complexity="0">
          <methods/>
          <lines>
            <line number="3" hits="0"/>
            <line number="4" hits="0"/>
          </lines>
        </class>
        <class name="app/graphql/types/base_union.rb" filename="app/graphql/types/base_union.rb" line-rate="0.0" complexity="0">
          <methods/>
          <lines>
            <line number="3" hits="0"/>
            <line number="4" hits="0"/>
            <line number="5" hits="0"/>
            <line number="6" hits="0"/>
          </lines>
        </class>
        <class name="app/graphql/types/mutation_type.rb" filename="app/graphql/types/mutation_type.rb" line-rate="0.8" complexity="0">
          <methods/>
          <lines>
            <line number="3" hits="3"/>
            <line number="4" hits="3"/>
            <line number="6" hits="3"/>
            <line number="8" hits="3"/>
            <line number="9" hits="0"/>
          </lines>
        </class>
        <class name="app/graphql/types/node_type.rb" filename="app/graphql/types/node_type.rb" line-rate="1.0" complexity="0">
          <methods/>
          <lines>
            <line number="3" hits="3"/>
            <line number="4" hits="3"/>
            <line number="5" hits="3"/>
            <line number="7" hits="3"/>
          </lines>
        </class>
        <class name="app/graphql/types/query_type.rb" filename="app/graphql/types/query_type.rb" line-rate="0.8462" complexity="0">
          <methods/>
          <lines>
            <line number="3" hits="3"/>
            <line number="4" hits="3"/>
            <line number="5" hits="3"/>
            <line number="6" hits="3"/>
            <line number="9" hits="3"/>
            <line number="10" hits="0"/>
            <line number="13" hits="3"/>
            <line number="14" hits="3"/>
            <line number="17" hits="3"/>
            <line number="18" hits="0"/>
            <line number="24" hits="3"/>
            <line number="27" hits="3"/>
            <line number="28" hits="2"/>
          </lines>
        </class>
        <class name="app/graphql/types/user_type.rb" filename="app/graphql/types/user_type.rb" line-rate="1.0" complexity="0">
          <methods/>
          <lines>
            <line number="3" hits="3"/>
            <line number="4" hits="3"/>
            <line number="5" hits="3"/>
            <line number="7" hits="3"/>
            <line number="8" hits="3"/>
          </lines>
        </class>
      </classes>
    </package>
    <package name="API" line-rate="1.0" complexity="0">
      <classes>
        <class name="app/controllers/api/v1/admin_sessions_controller.rb" filename="app/controllers/api/v1/admin_sessions_controller.rb" line-rate="1.0" complexity="0">
          <methods/>
          <lines>
            <line number="3" hits="1"/>
            <line number="4" hits="1"/>
            <line number="6" hits="1"/>
            <line number="7" hits="1"/>
            <line number="11" hits="1"/>
            <line number="12" hits="2"/>
            <line number="13" hits="2"/>
            <line number="15" hits="1"/>
            <line number="16" hits="1"/>
            <line number="18" hits="1"/>
            <line number="19" hits="1"/>
            <line number="28" hits="1"/>
            <line number="29" hits="1"/>
            <line number="33" hits="1"/>
            <line number="34" hits="1"/>
            <line number="36" hits="1"/>
            <line number="39" hits="1"/>
            <line number="41" hits="1"/>
            <line number="43" hits="1"/>
          </lines>
        </class>
        <class name="app/controllers/api/v1/base_controller.rb" filename="app/controllers/api/v1/base_controller.rb" line-rate="1.0" complexity="0">
          <methods/>
          <lines>
            <line number="3" hits="2"/>
            <line number="4" hits="2"/>
            <line number="6" hits="2"/>
            <line number="9" hits="2"/>
            <line number="11" hits="2"/>
            <line number="13" hits="2"/>
            <line number="14" hits="8"/>
            <line number="15" hits="8"/>
            <line number="19" hits="2"/>
            <line number="20" hits="5"/>
            <line number="21" hits="5"/>
            <line number="23" hits="2"/>
            <line number="24" hits="2"/>
            <line number="28" hits="2"/>
            <line number="29" hits="3"/>
            <line number="30" hits="3"/>
            <line number="32" hits="2"/>
            <line number="35" hits="2"/>
            <line number="36" hits="6"/>
            <line number="39" hits="2"/>
            <line number="40" hits="1"/>
          </lines>
        </class>
        <class name="app/controllers/api/v1/sessions_controller.rb" filename="app/controllers/api/v1/sessions_controller.rb" line-rate="1.0" complexity="0">
          <methods/>
          <lines>
            <line number="3" hits="1"/>
            <line number="4" hits="1"/>
            <line number="5" hits="1"/>
            <line number="6" hits="1"/>
            <line number="9" hits="1"/>
            <line number="10" hits="2"/>
            <line number="11" hits="2"/>
            <line number="13" hits="1"/>
            <line number="14" hits="1"/>
            <line number="16" hits="1"/>
            <line number="25" hits="1"/>
            <line number="26" hits="1"/>
            <line number="28" hits="1"/>
          </lines>
        </class>
        <class name="app/controllers/api/v1/users_controller.rb" filename="app/controllers/api/v1/users_controller.rb" line-rate="1.0" complexity="0">
          <methods/>
          <lines>
            <line number="3" hits="1"/>
            <line number="4" hits="1"/>
            <line number="5" hits="1"/>
            <line number="6" hits="1"/>
            <line number="9" hits="1"/>
            <line number="10" hits="2"/>
            <line number="12" hits="2"/>
            <line number="14" hits="1"/>
            <line number="18" hits="1"/>
            <line number="19" hits="1"/>
            <line number="22" hits="1"/>
            <line number="24" hits="1"/>
            <line number="25" hits="2"/>
          </lines>
        </class>
      </classes>
    </package>
    <package name="Lib" line-rate="0.9787" complexity="0">
      <classes>
        <class name="lib/feature_flag.rb" filename="lib/feature_flag.rb" line-rate="0.9744" complexity="0">
          <methods/>
          <lines>
            <line number="29" hits="1"/>
            <line number="30" hits="1"/>
            <line number="35" hits="1"/>
            <line number="36" hits="7"/>
            <line number="41" hits="1"/>
            <line number="42" hits="3"/>
            <line number="43" hits="3"/>
            <line number="45" hits="3"/>
            <line number="46" hits="5"/>
            <line number="49" hits="4"/>
            <line number="50" hits="4"/>
            <line number="53" hits="1"/>
            <line number="54" hits="2"/>
            <line number="57" hits="1"/>
            <line number="58" hits="2"/>
            <line number="63" hits="1"/>
            <line number="64" hits="7"/>
            <line number="67" hits="1"/>
            <line number="68" hits="2"/>
            <line number="71" hits="1"/>
            <line number="72" hits="2"/>
            <line number="77" hits="1"/>
            <line number="78" hits="3"/>
            <line number="81" hits="1"/>
            <line number="82" hits="3"/>
            <line number="85" hits="1"/>
            <line number="86" hits="1"/>
            <line number="90" hits="1"/>
            <line number="91" hits="6"/>
            <line number="96" hits="1"/>
            <line number="97" hits="1"/>
            <line number="100" hits="1"/>
            <line number="101" hits="0"/>
            <line number="106" hits="1"/>
            <line number="107" hits="2"/>
            <line number="115" hits="1"/>
            <line number="116" hits="3"/>
            <line number="117" hits="2"/>
            <line number="119" hits="2"/>
          </lines>
        </class>
        <class name="lib/token_digest.rb" filename="lib/token_digest.rb" line-rate="1.0" complexity="0">
          <methods/>
          <lines>
            <line number="5" hits="8"/>
            <line number="6" hits="8"/>
            <line number="8" hits="8"/>
            <line number="9" hits="10"/>
            <line number="12" hits="8"/>
            <line number="13" hits="22"/>
            <line number="17" hits="8"/>
            <line number="18" hits="22"/>
          </lines>
        </class>
      </classes>
    </package>
  </packages>
</coverage>